# JRE version: OpenJDK Runtime Environment Temurin-21.0.10+7 (21.0.10+7) (build 21.0.10+7-LTS)
# Java VM: OpenJDK 64-Bit Server VM Temurin-21.0.10+7 (21.0.10+7-LTS, mixed mode, sharing, tiered, compressed oops, compressed class ptrs, parallel gc, windows-amd64)
GC Precious Log:
 CardTable entry size: 512
 CPUs: 16 total, 16 available
 Memory: 15693M
 Large Page Support: Disabled
 NUMA Support: Disabled
 Compressed Oops: Enabled (32-bit)
 Alignments: Space 512K, Generation 512K, Heap 2M
 Heap Min Capacity: 100M
 Heap Initial Capacity: 100M
 Heap Max Capacity: 2G
 Pre-touch: Disabled
 Parallel Workers: 13
Heap:
 PSYoungGen      total 16896K, used 13949K [0x00000000d5580000, 0x00000000d6780000, 0x0000000100000000)
  eden space 15360K, 88% used [0x00000000d5580000,0x00000000d62cf638,0x00000000d6480000)
  from space 1536K, 20% used [0x00000000d6500000,0x00000000d6550000,0x00000000d6680000)
  to   space 512K, 0% used [0x00000000d6700000,0x00000000d6700000,0x00000000d6780000)
 ParOldGen       total 70144K, used 70035K [0x0000000080000000, 0x0000000084480000, 0x00000000d5580000)
  object space 70144K, 99% used [0x0000000080000000,0x0000000084464d90,0x0000000084480000)
 Metaspace       used 85016K, committed 86720K, reserved 1179648K
  class space    used 10389K, committed 11136K, reserved 1048576K
GC Heap History (20 events):
Event: 244.846 GC heap before
{Heap before GC invocations=73 (full 3):
 PSYoungGen      total 17920K, used 17892K [0x00000000d5580000, 0x00000000d6e00000, 0x0000000100000000)
  eden space 15872K, 100% used [0x00000000d5580000,0x00000000d6500000,0x00000000d6500000)
  from space 2048K, 98% used [0x00000000d6500000,0x00000000d66f9000,0x00000000d6700000)
  to   space 4608K, 0% used [0x00000000d6980000,0x00000000d6980000,0x00000000d6e00000)
 ParOldGen       total 68608K, used 59623K [0x0000000080000000, 0x0000000084300000, 0x00000000d5580000)
  object space 68608K, 86% used [0x0000000080000000,0x0000000083a39ea0,0x0000000084300000)
 Metaspace       used 76895K, committed 78528K, reserved 1179648K
  class space    used 9561K, committed 10304K, reserved 1048576K
}
Event: 244.851 GC heap after
{Heap after GC invocations=73 (full 3):
 PSYoungGen      total 17920K, used 1728K [0x00000000d5580000, 0x00000000d6b80000, 0x0000000100000000)
  eden space 15872K, 0% used [0x00000000d5580000,0x00000000d5580000,0x00000000d6500000)
  from space 2048K, 84% used [0x00000000d6980000,0x00000000d6b30000,0x00000000d6b80000)
  to   space 2560K, 0% used [0x00000000d6680000,0x00000000d6680000,0x00000000d6900000)
 ParOldGen       total 68608K, used 61526K [0x0000000080000000, 0x0000000084300000, 0x00000000d5580000)
  object space 68608K, 89% used [0x0000000080000000,0x0000000083c15950,0x0000000084300000)
 Metaspace       used 76895K, committed 78528K, reserved 1179648K
  class space    used 9561K, committed 10304K, reserved 1048576K
}
Event: 244.956 GC heap before
{Heap before GC invocations=74 (full 3):
 PSYoungGen      total 17920K, used 17600K [0x00000000d5580000, 0x00000000d6b80000, 0x0000000100000000)
  eden space 15872K, 100% used [0x00000000d5580000,0x00000000d6500000,0x00000000d6500000)
  from space 2048K, 84% used [0x00000000d6980000,0x00000000d6b30000,0x00000000d6b80000)
  to   space 2560K, 0% used [0x00000000d6680000,0x00000000d6680000,0x00000000d6900000)
 ParOldGen       total 68608K, used 61526K [0x0000000080000000, 0x0000000084300000, 0x00000000d5580000)
  object space 68608K, 89% used [0x0000000080000000,0x0000000083c15950,0x0000000084300000)
 Metaspace       used 76928K, committed 78528K, reserved 1179648K
  class space    used 9561K, committed 10304K, reserved 1048576K
}
Event: 244.962 GC heap after
{Heap after GC invocations=74 (full 3):
 PSYoungGen      total 17920K, used 1984K [0x00000000d5580000, 0x00000000d6a00000, 0x0000000100000000)
  eden space 15872K, 0% used [0x00000000d5580000,0x00000000d5580000,0x00000000d6500000)
  from space 2048K, 96% used [0x00000000d6680000,0x00000000d6870010,0x00000000d6880000)
  to   space 1536K, 0% used [0x00000000d6880000,0x00000000d6880000,0x00000000d6a00000)
 ParOldGen       total 68608K, used 63030K [0x0000000080000000, 0x0000000084300000, 0x00000000d5580000)
  object space 68608K, 91% used [0x0000000080000000,0x0000000083d8d950,0x0000000084300000)
 Metaspace       used 76928K, committed 78528K, reserved 1179648K
  class space    used 9561K, committed 10304K, reserved 1048576K
}
Event: 245.048 GC heap before
{Heap before GC invocations=75 (full 3):
 PSYoungGen      total 17920K, used 17856K [0x00000000d5580000, 0x00000000d6a00000, 0x0000000100000000)
  eden space 15872K, 100% used [0x00000000d5580000,0x00000000d6500000,0x00000000d6500000)
  from space 2048K, 96% used [0x00000000d6680000,0x00000000d6870010,0x00000000d6880000)
  to   space 1536K, 0% used [0x00000000d6880000,0x00000000d6880000,0x00000000d6a00000)
 ParOldGen       total 68608K, used 63030K [0x0000000080000000, 0x0000000084300000, 0x00000000d5580000)
  object space 68608K, 91% used [0x0000000080000000,0x0000000083d8d950,0x0000000084300000)
 Metaspace       used 76937K, committed 78528K, reserved 1179648K
  class space    used 9561K, committed 10304K, reserved 1048576K
}
Event: 245.053 GC heap after
{Heap after GC invocations=75 (full 3):
 PSYoungGen      total 16896K, used 1528K [0x00000000d5580000, 0x00000000d6d00000, 0x0000000100000000)
  eden space 15360K, 0% used [0x00000000d5580000,0x00000000d5580000,0x00000000d6480000)
  from space 1536K, 99% used [0x00000000d6880000,0x00000000d69fe200,0x00000000d6a00000)
  to   space 4096K, 0% used [0x00000000d6480000,0x00000000d6480000,0x00000000d6880000)
 ParOldGen       total 68608K, used 64966K [0x0000000080000000, 0x0000000084300000, 0x00000000d5580000)
  object space 68608K, 94% used [0x0000000080000000,0x0000000083f71960,0x0000000084300000)
 Metaspace       used 76937K, committed 78528K, reserved 1179648K
  class space    used 9561K, committed 10304K, reserved 1048576K
}
Event: 245.377 GC heap before
{Heap before GC invocations=76 (full 3):
 PSYoungGen      total 16896K, used 16888K [0x00000000d5580000, 0x00000000d6d00000, 0x0000000100000000)
  eden space 15360K, 100% used [0x00000000d5580000,0x00000000d6480000,0x00000000d6480000)
  from space 1536K, 99% used [0x00000000d6880000,0x00000000d69fe200,0x00000000d6a00000)
  to   space 4096K, 0% used [0x00000000d6480000,0x00000000d6480000,0x00000000d6880000)
 ParOldGen       total 68608K, used 64966K [0x0000000080000000, 0x0000000084300000, 0x00000000d5580000)
  object space 68608K, 94% used [0x0000000080000000,0x0000000083f71960,0x0000000084300000)
 Metaspace       used 78435K, committed 80000K, reserved 1179648K
  class space    used 9712K, committed 10432K, reserved 1048576K
}
Event: 245.381 GC heap after
{Heap after GC invocations=76 (full 3):
 PSYoungGen      total 16896K, used 1232K [0x00000000d5580000, 0x00000000d6900000, 0x0000000100000000)
  eden space 15360K, 0% used [0x00000000d5580000,0x00000000d5580000,0x00000000d6480000)
  from space 1536K, 80% used [0x00000000d6480000,0x00000000d65b4010,0x00000000d6600000)
  to   space 2048K, 0% used [0x00000000d6700000,0x00000000d6700000,0x00000000d6900000)
 ParOldGen       total 68608K, used 66414K [0x0000000080000000, 0x0000000084300000, 0x00000000d5580000)
  object space 68608K, 96% used [0x0000000080000000,0x00000000840dbb60,0x0000000084300000)
 Metaspace       used 78435K, committed 80000K, reserved 1179648K
  class space    used 9712K, committed 10432K, reserved 1048576K
}
Event: 246.081 GC heap before
{Heap before GC invocations=77 (full 3):
 PSYoungGen      total 16896K, used 16580K [0x00000000d5580000, 0x00000000d6900000, 0x0000000100000000)
  eden space 15360K, 99% used [0x00000000d5580000,0x00000000d647d298,0x00000000d6480000)
  from space 1536K, 80% used [0x00000000d6480000,0x00000000d65b4010,0x00000000d6600000)
  to   space 2048K, 0% used [0x00000000d6700000,0x00000000d6700000,0x00000000d6900000)
 ParOldGen       total 68608K, used 66414K [0x0000000080000000, 0x0000000084300000, 0x00000000d5580000)
  object space 68608K, 96% used [0x0000000080000000,0x00000000840dbb60,0x0000000084300000)
 Metaspace       used 79689K, committed 81344K, reserved 1179648K
  class space    used 9874K, committed 10624K, reserved 1048576K
}
Event: 246.084 GC heap after
{Heap after GC invocations=77 (full 3):
 PSYoungGen      total 16384K, used 923K [0x00000000d5580000, 0x00000000d6800000, 0x0000000100000000)
  eden space 15360K, 0% used [0x00000000d5580000,0x00000000d5580000,0x00000000d6480000)
  from space 1024K, 90% used [0x00000000d6700000,0x00000000d67e6ea8,0x00000000d6800000)
  to   space 1536K, 0% used [0x00000000d6500000,0x00000000d6500000,0x00000000d6680000)
 ParOldGen       total 68608K, used 67346K [0x0000000080000000, 0x0000000084300000, 0x00000000d5580000)
  object space 68608K, 98% used [0x0000000080000000,0x00000000841c4840,0x0000000084300000)
 Metaspace       used 79689K, committed 81344K, reserved 1179648K
  class space    used 9874K, committed 10624K, reserved 1048576K
}
Event: 246.673 GC heap before
{Heap before GC invocations=78 (full 3):
 PSYoungGen      total 16384K, used 16233K [0x00000000d5580000, 0x00000000d6800000, 0x0000000100000000)
  eden space 15360K, 99% used [0x00000000d5580000,0x00000000d6473818,0x00000000d6480000)
  from space 1024K, 90% used [0x00000000d6700000,0x00000000d67e6ea8,0x00000000d6800000)
  to   space 1536K, 0% used [0x00000000d6500000,0x00000000d6500000,0x00000000d6680000)
 ParOldGen       total 68608K, used 67346K [0x0000000080000000, 0x0000000084300000, 0x00000000d5580000)
  object space 68608K, 98% used [0x0000000080000000,0x00000000841c4840,0x0000000084300000)
 Metaspace       used 80371K, committed 81984K, reserved 1179648K
  class space    used 9956K, committed 10688K, reserved 1048576K
}
Event: 246.676 GC heap after
{Heap after GC invocations=78 (full 3):
 PSYoungGen      total 16896K, used 448K [0x00000000d5580000, 0x00000000d6780000, 0x0000000100000000)
  eden space 15360K, 0% used [0x00000000d5580000,0x00000000d5580000,0x00000000d6480000)
  from space 1536K, 29% used [0x00000000d6500000,0x00000000d6570000,0x00000000d6680000)
  to   space 1024K, 0% used [0x00000000d6680000,0x00000000d6680000,0x00000000d6780000)
 ParOldGen       total 68608K, used 68133K [0x0000000080000000, 0x0000000084300000, 0x00000000d5580000)
  object space 68608K, 99% used [0x0000000080000000,0x0000000084289748,0x0000000084300000)
 Metaspace       used 80371K, committed 81984K, reserved 1179648K
  class space    used 9956K, committed 10688K, reserved 1048576K
}
Event: 247.195 GC heap before
{Heap before GC invocations=79 (full 3):
 PSYoungGen      total 16896K, used 15808K [0x00000000d5580000, 0x00000000d6780000, 0x0000000100000000)
  eden space 15360K, 100% used [0x00000000d5580000,0x00000000d6480000,0x00000000d6480000)
  from space 1536K, 29% used [0x00000000d6500000,0x00000000d6570000,0x00000000d6680000)
  to   space 1024K, 0% used [0x00000000d6680000,0x00000000d6680000,0x00000000d6780000)
 ParOldGen       total 68608K, used 68133K [0x0000000080000000, 0x0000000084300000, 0x00000000d5580000)
  object space 68608K, 99% used [0x0000000080000000,0x0000000084289748,0x0000000084300000)
 Metaspace       used 82216K, committed 83840K, reserved 1179648K
  class space    used 10119K, committed 10880K, reserved 1048576K
}
Event: 247.198 GC heap after
{Heap after GC invocations=79 (full 3):
 PSYoungGen      total 16384K, used 992K [0x00000000d5580000, 0x00000000d6780000, 0x0000000100000000)
  eden space 15360K, 0% used [0x00000000d5580000,0x00000000d5580000,0x00000000d6480000)
  from space 1024K, 96% used [0x00000000d6680000,0x00000000d6778050,0x00000000d6780000)
  to   space 1536K, 0% used [0x00000000d6480000,0x00000000d6480000,0x00000000d6600000)
 ParOldGen       total 68608K, used 68373K [0x0000000080000000, 0x0000000084300000, 0x00000000d5580000)
  object space 68608K, 99% used [0x0000000080000000,0x00000000842c5748,0x0000000084300000)
 Metaspace       used 82216K, committed 83840K, reserved 1179648K
  class space    used 10119K, committed 10880K, reserved 1048576K
}
Event: 247.359 GC heap before
{Heap before GC invocations=80 (full 3):
 PSYoungGen      total 16384K, used 16352K [0x00000000d5580000, 0x00000000d6780000, 0x0000000100000000)
  eden space 15360K, 100% used [0x00000000d5580000,0x00000000d6480000,0x00000000d6480000)
  from space 1024K, 96% used [0x00000000d6680000,0x00000000d6778050,0x00000000d6780000)
  to   space 1536K, 0% used [0x00000000d6480000,0x00000000d6480000,0x00000000d6600000)
 ParOldGen       total 68608K, used 68373K [0x0000000080000000, 0x0000000084300000, 0x00000000d5580000)
  object space 68608K, 99% used [0x0000000080000000,0x00000000842c5748,0x0000000084300000)
 Metaspace       used 83119K, committed 84736K, reserved 1179648K
  class space    used 10196K, committed 10944K, reserved 1048576K
}
Event: 247.361 GC heap after
{Heap after GC invocations=80 (full 3):
 PSYoungGen      total 16896K, used 1529K [0x00000000d5580000, 0x00000000d6980000, 0x0000000100000000)
  eden space 15360K, 0% used [0x00000000d5580000,0x00000000d5580000,0x00000000d6480000)
  from space 1536K, 99% used [0x00000000d6480000,0x00000000d65fe648,0x00000000d6600000)
  to   space 2560K, 0% used [0x00000000d6700000,0x00000000d6700000,0x00000000d6980000)
 ParOldGen       total 69120K, used 69048K [0x0000000080000000, 0x0000000084380000, 0x00000000d5580000)
  object space 69120K, 99% used [0x0000000080000000,0x000000008436e1b8,0x0000000084380000)
 Metaspace       used 83119K, committed 84736K, reserved 1179648K
  class space    used 10196K, committed 10944K, reserved 1048576K
}
Event: 247.492 GC heap before
{Heap before GC invocations=81 (full 3):
 PSYoungGen      total 16896K, used 16849K [0x00000000d5580000, 0x00000000d6980000, 0x0000000100000000)
  eden space 15360K, 99% used [0x00000000d5580000,0x00000000d6476160,0x00000000d6480000)
  from space 1536K, 99% used [0x00000000d6480000,0x00000000d65fe648,0x00000000d6600000)
  to   space 2560K, 0% used [0x00000000d6700000,0x00000000d6700000,0x00000000d6980000)
 ParOldGen       total 69120K, used 69048K [0x0000000080000000, 0x0000000084380000, 0x00000000d5580000)
  object space 69120K, 99% used [0x0000000080000000,0x000000008436e1b8,0x0000000084380000)
 Metaspace       used 83164K, committed 84800K, reserved 1179648K
  class space    used 10203K, committed 10944K, reserved 1048576K
}
Event: 247.495 GC heap after
{Heap after GC invocations=81 (full 3):
 PSYoungGen      total 16384K, used 557K [0x00000000d5580000, 0x00000000d6800000, 0x0000000100000000)
  eden space 15360K, 0% used [0x00000000d5580000,0x00000000d5580000,0x00000000d6480000)
  from space 1024K, 54% used [0x00000000d6700000,0x00000000d678b680,0x00000000d6800000)
  to   space 1536K, 0% used [0x00000000d6500000,0x00000000d6500000,0x00000000d6680000)
 ParOldGen       total 70144K, used 69955K [0x0000000080000000, 0x0000000084480000, 0x00000000d5580000)
  object space 70144K, 99% used [0x0000000080000000,0x0000000084450d90,0x0000000084480000)
 Metaspace       used 83164K, committed 84800K, reserved 1179648K
  class space    used 10203K, committed 10944K, reserved 1048576K
}
Event: 247.692 GC heap before
{Heap before GC invocations=82 (full 3):
 PSYoungGen      total 16384K, used 15917K [0x00000000d5580000, 0x00000000d6800000, 0x0000000100000000)
  eden space 15360K, 100% used [0x00000000d5580000,0x00000000d6480000,0x00000000d6480000)
  from space 1024K, 54% used [0x00000000d6700000,0x00000000d678b680,0x00000000d6800000)
  to   space 1536K, 0% used [0x00000000d6500000,0x00000000d6500000,0x00000000d6680000)
 ParOldGen       total 70144K, used 69955K [0x0000000080000000, 0x0000000084480000, 0x00000000d5580000)
  object space 70144K, 99% used [0x0000000080000000,0x0000000084450d90,0x0000000084480000)
 Metaspace       used 84228K, committed 85888K, reserved 1179648K
  class space    used 10301K, committed 11072K, reserved 1048576K
}
Event: 247.693 GC heap after
{Heap after GC invocations=82 (full 3):
 PSYoungGen      total 16896K, used 320K [0x00000000d5580000, 0x00000000d6780000, 0x0000000100000000)
  eden space 15360K, 0% used [0x00000000d5580000,0x00000000d5580000,0x00000000d6480000)
  from space 1536K, 20% used [0x00000000d6500000,0x00000000d6550000,0x00000000d6680000)
  to   space 512K, 0% used [0x00000000d6700000,0x00000000d6700000,0x00000000d6780000)
 ParOldGen       total 70144K, used 70035K [0x0000000080000000, 0x0000000084480000, 0x00000000d5580000)
  object space 70144K, 99% used [0x0000000080000000,0x0000000084464d90,0x0000000084480000)
 Metaspace       used 84228K, committed 85888K, reserved 1179648K
  class space    used 10301K, committed 11072K, reserved 1048576K
}

